2017-07-28 15:31:50,682 [Worker-11] INFO  o.e.m.c.i.l.LifecycleMappingFactory - Using org.eclipse.m2e.jdt.JarLifecycleMapping lifecycle mapping for MavenProject: com:springboot-logback:0.0.1-SNAPSHOT @ /Users/jiangzhou/jiangzhou/study/springboot/workspace/springboot-logback/pom.xml.
2017-07-28 15:31:51,815 [Worker-11] INFO  o.e.m.j.i.AbstractJavaProjectConfigurator - Adding source folder /springboot-logback/src/main/java
2017-07-28 15:31:51,815 [Worker-11] INFO  o.e.m.j.i.AbstractJavaProjectConfigurator - Adding resource folder /springboot-logback/src/main/resources
2017-07-28 15:31:51,815 [Worker-11] INFO  o.e.m.j.i.AbstractJavaProjectConfigurator - Adding resource folder /springboot-logback/src/main/resources
2017-07-28 15:31:51,816 [Worker-11] INFO  o.e.m.j.i.AbstractJavaProjectConfigurator - Adding source folder /springboot-logback/src/test/java
2017-07-28 15:31:51,928 [Worker-11] INFO  o.e.m.c.i.p.ProjectConfigurationManager - Imported and configured 1 project(s) in 9 sec
2017-07-28 15:31:54,473 [Worker-10] INFO  o.e.m.c.i.embedder.EclipseLogger - Using 'UTF-8' encoding to copy filtered resources.
2017-07-28 15:31:54,483 [Worker-10] INFO  o.e.m.c.i.embedder.EclipseLogger - Copying 2 resources
2017-07-28 15:31:54,503 [Worker-10] INFO  o.e.m.c.i.embedder.EclipseLogger - Copying 3 resources
2017-07-28 15:31:54,519 [Worker-10] INFO  o.e.m.c.i.embedder.EclipseLogger - Using 'UTF-8' encoding to copy filtered resources.
2017-07-28 15:31:54,519 [Worker-10] INFO  o.e.m.c.i.embedder.EclipseLogger - skip non existing resourceDirectory /Users/jiangzhou/jiangzhou/study/springboot/workspace/springboot-logback/src/test/resources
2017-07-28 15:45:50,466 [Worker-17] INFO  o.e.m.c.i.embedder.EclipseLogger - Using 'UTF-8' encoding to copy filtered resources.
2017-07-28 15:45:50,472 [Worker-17] INFO  o.e.m.c.i.embedder.EclipseLogger - Copying 2 resources
2017-07-28 15:45:50,476 [Worker-17] INFO  o.e.m.c.i.embedder.EclipseLogger - Copying 3 resources
2017-07-28 15:45:50,478 [Worker-17] INFO  o.e.m.c.i.embedder.EclipseLogger - Using 'UTF-8' encoding to copy filtered resources.
2017-07-28 15:45:50,478 [Worker-17] INFO  o.e.m.c.i.embedder.EclipseLogger - skip non existing resourceDirectory /Users/jiangzhou/jiangzhou/study/springboot/workspace/springboot-logback/src/test/resources
2017-07-28 15:46:00,941 [Worker-16] INFO  o.e.m.c.i.embedder.EclipseLogger - Using 'UTF-8' encoding to copy filtered resources.
2017-07-28 15:46:00,941 [Worker-16] INFO  o.e.m.c.i.embedder.EclipseLogger - Copying 2 resources
2017-07-28 15:46:00,942 [Worker-16] INFO  o.e.m.c.i.embedder.EclipseLogger - Copying 3 resources
2017-07-28 15:46:00,945 [Worker-16] INFO  o.e.m.c.i.embedder.EclipseLogger - Using 'UTF-8' encoding to copy filtered resources.
2017-07-28 15:46:00,945 [Worker-16] INFO  o.e.m.c.i.embedder.EclipseLogger - skip non existing resourceDirectory /Users/jiangzhou/jiangzhou/study/springboot/workspace/springboot-logback/src/test/resources
2017-07-28 15:46:14,042 [Worker-16] INFO  o.e.m.c.i.embedder.EclipseLogger - Using 'UTF-8' encoding to copy filtered resources.
2017-07-28 15:46:14,043 [Worker-16] INFO  o.e.m.c.i.embedder.EclipseLogger - Copying 2 resources
2017-07-28 15:46:14,045 [Worker-16] INFO  o.e.m.c.i.embedder.EclipseLogger - Copying 3 resources
2017-07-28 15:46:14,047 [Worker-16] INFO  o.e.m.c.i.embedder.EclipseLogger - Using 'UTF-8' encoding to copy filtered resources.
2017-07-28 15:46:14,047 [Worker-16] INFO  o.e.m.c.i.embedder.EclipseLogger - skip non existing resourceDirectory /Users/jiangzhou/jiangzhou/study/springboot/workspace/springboot-logback/src/test/resources
2017-07-28 15:46:39,421 [Worker-17] INFO  o.e.m.c.i.embedder.EclipseLogger - Using 'UTF-8' encoding to copy filtered resources.
2017-07-28 15:46:39,422 [Worker-17] INFO  o.e.m.c.i.embedder.EclipseLogger - Copying 2 resources
2017-07-28 15:46:39,424 [Worker-17] INFO  o.e.m.c.i.embedder.EclipseLogger - Copying 3 resources
2017-07-28 15:46:39,426 [Worker-17] INFO  o.e.m.c.i.embedder.EclipseLogger - Using 'UTF-8' encoding to copy filtered resources.
2017-07-28 15:46:39,426 [Worker-17] INFO  o.e.m.c.i.embedder.EclipseLogger - skip non existing resourceDirectory /Users/jiangzhou/jiangzhou/study/springboot/workspace/springboot-logback/src/test/resources
2017-07-28 15:48:18,326 [Worker-17] INFO  o.e.m.c.i.embedder.EclipseLogger - Using 'UTF-8' encoding to copy filtered resources.
2017-07-28 15:48:18,328 [Worker-17] INFO  o.e.m.c.i.embedder.EclipseLogger - Copying 2 resources
2017-07-28 15:48:18,330 [Worker-17] INFO  o.e.m.c.i.embedder.EclipseLogger - Copying 3 resources
2017-07-28 15:48:18,332 [Worker-17] INFO  o.e.m.c.i.embedder.EclipseLogger - Using 'UTF-8' encoding to copy filtered resources.
2017-07-28 15:48:18,332 [Worker-17] INFO  o.e.m.c.i.embedder.EclipseLogger - skip non existing resourceDirectory /Users/jiangzhou/jiangzhou/study/springboot/workspace/springboot-logback/src/test/resources
2017-07-28 15:49:37,375 [Worker-17] INFO  o.e.m.c.i.embedder.EclipseLogger - Using 'UTF-8' encoding to copy filtered resources.
2017-07-28 15:49:37,376 [Worker-17] INFO  o.e.m.c.i.embedder.EclipseLogger - Copying 2 resources
2017-07-28 15:49:37,377 [Worker-17] INFO  o.e.m.c.i.embedder.EclipseLogger - Copying 3 resources
2017-07-28 15:49:37,378 [Worker-17] INFO  o.e.m.c.i.embedder.EclipseLogger - Using 'UTF-8' encoding to copy filtered resources.
2017-07-28 15:49:37,379 [Worker-17] INFO  o.e.m.c.i.embedder.EclipseLogger - skip non existing resourceDirectory /Users/jiangzhou/jiangzhou/study/springboot/workspace/springboot-logback/src/test/resources
2017-07-28 15:49:38,829 [Worker-16] INFO  o.e.m.c.i.embedder.EclipseLogger - Using 'UTF-8' encoding to copy filtered resources.
2017-07-28 15:49:38,830 [Worker-16] INFO  o.e.m.c.i.embedder.EclipseLogger - Copying 2 resources
2017-07-28 15:49:38,831 [Worker-16] INFO  o.e.m.c.i.embedder.EclipseLogger - Copying 3 resources
2017-07-28 15:49:38,835 [Worker-16] INFO  o.e.m.c.i.embedder.EclipseLogger - Using 'UTF-8' encoding to copy filtered resources.
2017-07-28 15:49:38,835 [Worker-16] INFO  o.e.m.c.i.embedder.EclipseLogger - skip non existing resourceDirectory /Users/jiangzhou/jiangzhou/study/springboot/workspace/springboot-logback/src/test/resources
2017-07-28 15:49:54,494 [Worker-17] INFO  o.e.m.c.i.embedder.EclipseLogger - Using 'UTF-8' encoding to copy filtered resources.
2017-07-28 15:49:54,494 [Worker-17] INFO  o.e.m.c.i.embedder.EclipseLogger - Copying 2 resources
2017-07-28 15:49:54,495 [Worker-17] INFO  o.e.m.c.i.embedder.EclipseLogger - Copying 3 resources
2017-07-28 15:49:54,500 [Worker-17] INFO  o.e.m.c.i.embedder.EclipseLogger - Using 'UTF-8' encoding to copy filtered resources.
2017-07-28 15:49:54,500 [Worker-17] INFO  o.e.m.c.i.embedder.EclipseLogger - skip non existing resourceDirectory /Users/jiangzhou/jiangzhou/study/springboot/workspace/springboot-logback/src/test/resources
2017-07-28 15:49:59,915 [Worker-17] INFO  o.e.m.c.i.embedder.EclipseLogger - Using 'UTF-8' encoding to copy filtered resources.
2017-07-28 15:49:59,916 [Worker-17] INFO  o.e.m.c.i.embedder.EclipseLogger - Copying 2 resources
2017-07-28 15:49:59,918 [Worker-17] INFO  o.e.m.c.i.embedder.EclipseLogger - Copying 3 resources
2017-07-28 15:49:59,920 [Worker-17] INFO  o.e.m.c.i.embedder.EclipseLogger - Using 'UTF-8' encoding to copy filtered resources.
2017-07-28 15:49:59,920 [Worker-17] INFO  o.e.m.c.i.embedder.EclipseLogger - skip non existing resourceDirectory /Users/jiangzhou/jiangzhou/study/springboot/workspace/springboot-logback/src/test/resources
2017-07-28 15:50:53,155 [Worker-15] INFO  o.e.m.c.i.embedder.EclipseLogger - Using 'UTF-8' encoding to copy filtered resources.
2017-07-28 15:50:53,156 [Worker-15] INFO  o.e.m.c.i.embedder.EclipseLogger - Copying 2 resources
2017-07-28 15:50:53,157 [Worker-15] INFO  o.e.m.c.i.embedder.EclipseLogger - Copying 3 resources
2017-07-28 15:50:53,159 [Worker-15] INFO  o.e.m.c.i.embedder.EclipseLogger - Using 'UTF-8' encoding to copy filtered resources.
2017-07-28 15:50:53,159 [Worker-15] INFO  o.e.m.c.i.embedder.EclipseLogger - skip non existing resourceDirectory /Users/jiangzhou/jiangzhou/study/springboot/workspace/springboot-logback/src/test/resources
2017-07-28 15:51:39,365 [Worker-18] INFO  o.e.m.c.i.embedder.EclipseLogger - Using 'UTF-8' encoding to copy filtered resources.
2017-07-28 15:51:39,366 [Worker-18] INFO  o.e.m.c.i.embedder.EclipseLogger - Copying 2 resources
2017-07-28 15:51:39,367 [Worker-18] INFO  o.e.m.c.i.embedder.EclipseLogger - Copying 3 resources
2017-07-28 15:51:39,369 [Worker-18] INFO  o.e.m.c.i.embedder.EclipseLogger - Using 'UTF-8' encoding to copy filtered resources.
2017-07-28 15:51:39,369 [Worker-18] INFO  o.e.m.c.i.embedder.EclipseLogger - skip non existing resourceDirectory /Users/jiangzhou/jiangzhou/study/springboot/workspace/springboot-logback/src/test/resources
2017-07-28 15:52:10,629 [Worker-4] INFO  o.e.m.c.i.embedder.EclipseLogger - Using 'UTF-8' encoding to copy filtered resources.
2017-07-28 15:52:10,630 [Worker-4] INFO  o.e.m.c.i.embedder.EclipseLogger - Copying 2 resources
2017-07-28 15:52:10,631 [Worker-4] INFO  o.e.m.c.i.embedder.EclipseLogger - Copying 3 resources
2017-07-28 15:52:10,633 [Worker-4] INFO  o.e.m.c.i.embedder.EclipseLogger - Using 'UTF-8' encoding to copy filtered resources.
2017-07-28 15:52:10,633 [Worker-4] INFO  o.e.m.c.i.embedder.EclipseLogger - skip non existing resourceDirectory /Users/jiangzhou/jiangzhou/study/springboot/workspace/springboot-logback/src/test/resources
2017-07-28 15:52:16,866 [Worker-18] INFO  o.e.m.c.i.embedder.EclipseLogger - Using 'UTF-8' encoding to copy filtered resources.
2017-07-28 15:52:16,867 [Worker-18] INFO  o.e.m.c.i.embedder.EclipseLogger - Copying 2 resources
2017-07-28 15:52:16,868 [Worker-18] INFO  o.e.m.c.i.embedder.EclipseLogger - Copying 3 resources
2017-07-28 15:52:16,870 [Worker-18] INFO  o.e.m.c.i.embedder.EclipseLogger - Using 'UTF-8' encoding to copy filtered resources.
2017-07-28 15:52:16,870 [Worker-18] INFO  o.e.m.c.i.embedder.EclipseLogger - skip non existing resourceDirectory /Users/jiangzhou/jiangzhou/study/springboot/workspace/springboot-logback/src/test/resources
2017-07-28 15:52:59,654 [Worker-4] INFO  o.e.m.c.i.embedder.EclipseLogger - Using 'UTF-8' encoding to copy filtered resources.
2017-07-28 15:52:59,655 [Worker-4] INFO  o.e.m.c.i.embedder.EclipseLogger - Copying 2 resources
2017-07-28 15:52:59,656 [Worker-4] INFO  o.e.m.c.i.embedder.EclipseLogger - Copying 3 resources
2017-07-28 15:52:59,658 [Worker-4] INFO  o.e.m.c.i.embedder.EclipseLogger - Using 'UTF-8' encoding to copy filtered resources.
2017-07-28 15:52:59,658 [Worker-4] INFO  o.e.m.c.i.embedder.EclipseLogger - skip non existing resourceDirectory /Users/jiangzhou/jiangzhou/study/springboot/workspace/springboot-logback/src/test/resources
2017-07-28 15:53:14,990 [Worker-16] INFO  o.e.m.c.i.embedder.EclipseLogger - Using 'UTF-8' encoding to copy filtered resources.
2017-07-28 15:53:14,991 [Worker-16] INFO  o.e.m.c.i.embedder.EclipseLogger - Copying 2 resources
2017-07-28 15:53:14,992 [Worker-16] INFO  o.e.m.c.i.embedder.EclipseLogger - Copying 3 resources
2017-07-28 15:53:14,994 [Worker-16] INFO  o.e.m.c.i.embedder.EclipseLogger - Using 'UTF-8' encoding to copy filtered resources.
2017-07-28 15:53:14,994 [Worker-16] INFO  o.e.m.c.i.embedder.EclipseLogger - skip non existing resourceDirectory /Users/jiangzhou/jiangzhou/study/springboot/workspace/springboot-logback/src/test/resources
2017-07-28 15:54:00,816 [Worker-18] INFO  o.e.m.c.i.embedder.EclipseLogger - Using 'UTF-8' encoding to copy filtered resources.
2017-07-28 15:54:00,817 [Worker-18] INFO  o.e.m.c.i.embedder.EclipseLogger - Copying 2 resources
2017-07-28 15:54:00,818 [Worker-18] INFO  o.e.m.c.i.embedder.EclipseLogger - Copying 3 resources
2017-07-28 15:54:00,822 [Worker-18] INFO  o.e.m.c.i.embedder.EclipseLogger - Using 'UTF-8' encoding to copy filtered resources.
2017-07-28 15:54:00,823 [Worker-18] INFO  o.e.m.c.i.embedder.EclipseLogger - skip non existing resourceDirectory /Users/jiangzhou/jiangzhou/study/springboot/workspace/springboot-logback/src/test/resources
2017-07-28 15:55:10,110 [Worker-15] INFO  o.e.m.c.i.embedder.EclipseLogger - Using 'UTF-8' encoding to copy filtered resources.
2017-07-28 15:55:10,110 [Worker-15] INFO  o.e.m.c.i.embedder.EclipseLogger - Copying 2 resources
2017-07-28 15:55:10,111 [Worker-15] INFO  o.e.m.c.i.embedder.EclipseLogger - Copying 3 resources
2017-07-28 15:55:10,113 [Worker-15] INFO  o.e.m.c.i.embedder.EclipseLogger - Using 'UTF-8' encoding to copy filtered resources.
2017-07-28 15:55:10,113 [Worker-15] INFO  o.e.m.c.i.embedder.EclipseLogger - skip non existing resourceDirectory /Users/jiangzhou/jiangzhou/study/springboot/workspace/springboot-logback/src/test/resources
2017-07-28 15:55:33,385 [Worker-20] INFO  o.e.m.c.i.embedder.EclipseLogger - Using 'UTF-8' encoding to copy filtered resources.
2017-07-28 15:55:33,385 [Worker-20] INFO  o.e.m.c.i.embedder.EclipseLogger - Copying 2 resources
2017-07-28 15:55:33,386 [Worker-20] INFO  o.e.m.c.i.embedder.EclipseLogger - Copying 3 resources
2017-07-28 15:55:33,388 [Worker-20] INFO  o.e.m.c.i.embedder.EclipseLogger - Using 'UTF-8' encoding to copy filtered resources.
2017-07-28 15:55:33,388 [Worker-20] INFO  o.e.m.c.i.embedder.EclipseLogger - skip non existing resourceDirectory /Users/jiangzhou/jiangzhou/study/springboot/workspace/springboot-logback/src/test/resources
2017-07-28 16:00:35,317 [Worker-25] INFO  o.e.m.c.i.embedder.EclipseLogger - Using 'UTF-8' encoding to copy filtered resources.
2017-07-28 16:00:35,318 [Worker-25] INFO  o.e.m.c.i.embedder.EclipseLogger - Copying 2 resources
2017-07-28 16:00:35,322 [Worker-25] INFO  o.e.m.c.i.embedder.EclipseLogger - Copying 3 resources
2017-07-28 16:00:35,325 [Worker-25] INFO  o.e.m.c.i.embedder.EclipseLogger - Using 'UTF-8' encoding to copy filtered resources.
2017-07-28 16:00:35,325 [Worker-25] INFO  o.e.m.c.i.embedder.EclipseLogger - skip non existing resourceDirectory /Users/jiangzhou/jiangzhou/study/springboot/workspace/springboot-logback/src/test/resources
2017-07-28 16:02:26,419 [Worker-19] INFO  o.e.m.c.i.embedder.EclipseLogger - Using 'UTF-8' encoding to copy filtered resources.
2017-07-28 16:02:26,419 [Worker-19] INFO  o.e.m.c.i.embedder.EclipseLogger - Copying 2 resources
2017-07-28 16:02:26,420 [Worker-19] INFO  o.e.m.c.i.embedder.EclipseLogger - Copying 3 resources
2017-07-28 16:02:26,422 [Worker-19] INFO  o.e.m.c.i.embedder.EclipseLogger - Using 'UTF-8' encoding to copy filtered resources.
2017-07-28 16:02:26,422 [Worker-19] INFO  o.e.m.c.i.embedder.EclipseLogger - skip non existing resourceDirectory /Users/jiangzhou/jiangzhou/study/springboot/workspace/springboot-logback/src/test/resources
2017-07-28 16:02:36,110 [Worker-27] INFO  o.e.m.c.i.embedder.EclipseLogger - Using 'UTF-8' encoding to copy filtered resources.
2017-07-28 16:02:36,110 [Worker-27] INFO  o.e.m.c.i.embedder.EclipseLogger - Copying 2 resources
2017-07-28 16:02:36,111 [Worker-27] INFO  o.e.m.c.i.embedder.EclipseLogger - Copying 3 resources
2017-07-28 16:02:36,113 [Worker-27] INFO  o.e.m.c.i.embedder.EclipseLogger - Using 'UTF-8' encoding to copy filtered resources.
2017-07-28 16:02:36,113 [Worker-27] INFO  o.e.m.c.i.embedder.EclipseLogger - skip non existing resourceDirectory /Users/jiangzhou/jiangzhou/study/springboot/workspace/springboot-logback/src/test/resources
2017-07-28 16:05:00,089 [Worker-29] INFO  o.e.m.c.i.embedder.EclipseLogger - Using 'UTF-8' encoding to copy filtered resources.
2017-07-28 16:05:00,090 [Worker-29] INFO  o.e.m.c.i.embedder.EclipseLogger - Copying 2 resources
2017-07-28 16:05:00,156 [Worker-29] INFO  o.e.m.c.i.embedder.EclipseLogger - Copying 3 resources
2017-07-28 16:05:00,160 [Worker-29] INFO  o.e.m.c.i.embedder.EclipseLogger - Using 'UTF-8' encoding to copy filtered resources.
2017-07-28 16:05:00,160 [Worker-29] INFO  o.e.m.c.i.embedder.EclipseLogger - skip non existing resourceDirectory /Users/jiangzhou/jiangzhou/study/springboot/workspace/springboot-logback/src/test/resources
2017-07-28 16:05:18,883 [Worker-4] INFO  o.e.m.c.i.embedder.EclipseLogger - Using 'UTF-8' encoding to copy filtered resources.
2017-07-28 16:05:18,884 [Worker-4] INFO  o.e.m.c.i.embedder.EclipseLogger - Copying 2 resources
2017-07-28 16:05:18,886 [Worker-4] INFO  o.e.m.c.i.embedder.EclipseLogger - Copying 3 resources
2017-07-28 16:05:18,887 [Worker-4] INFO  o.e.m.c.i.embedder.EclipseLogger - Using 'UTF-8' encoding to copy filtered resources.
2017-07-28 16:05:18,887 [Worker-4] INFO  o.e.m.c.i.embedder.EclipseLogger - skip non existing resourceDirectory /Users/jiangzhou/jiangzhou/study/springboot/workspace/springboot-logback/src/test/resources
2017-07-28 16:05:29,301 [Worker-4] INFO  o.e.m.c.i.embedder.EclipseLogger - Using 'UTF-8' encoding to copy filtered resources.
2017-07-28 16:05:29,301 [Worker-4] INFO  o.e.m.c.i.embedder.EclipseLogger - Copying 2 resources
2017-07-28 16:05:29,302 [Worker-4] INFO  o.e.m.c.i.embedder.EclipseLogger - Copying 3 resources
2017-07-28 16:05:29,304 [Worker-4] INFO  o.e.m.c.i.embedder.EclipseLogger - Using 'UTF-8' encoding to copy filtered resources.
2017-07-28 16:05:29,304 [Worker-4] INFO  o.e.m.c.i.embedder.EclipseLogger - skip non existing resourceDirectory /Users/jiangzhou/jiangzhou/study/springboot/workspace/springboot-logback/src/test/resources
2017-07-28 16:05:31,036 [Worker-22] INFO  o.e.m.c.i.embedder.EclipseLogger - Using 'UTF-8' encoding to copy filtered resources.
2017-07-28 16:05:31,036 [Worker-22] INFO  o.e.m.c.i.embedder.EclipseLogger - Copying 2 resources
2017-07-28 16:05:31,037 [Worker-22] INFO  o.e.m.c.i.embedder.EclipseLogger - Copying 3 resources
2017-07-28 16:05:31,039 [Worker-22] INFO  o.e.m.c.i.embedder.EclipseLogger - Using 'UTF-8' encoding to copy filtered resources.
2017-07-28 16:05:31,039 [Worker-22] INFO  o.e.m.c.i.embedder.EclipseLogger - skip non existing resourceDirectory /Users/jiangzhou/jiangzhou/study/springboot/workspace/springboot-logback/src/test/resources
2017-07-28 16:05:33,383 [Worker-10] INFO  o.e.m.c.i.embedder.EclipseLogger - Using 'UTF-8' encoding to copy filtered resources.
2017-07-28 16:05:33,383 [Worker-10] INFO  o.e.m.c.i.embedder.EclipseLogger - Copying 2 resources
2017-07-28 16:05:33,384 [Worker-10] INFO  o.e.m.c.i.embedder.EclipseLogger - Copying 3 resources
2017-07-28 16:05:33,385 [Worker-10] INFO  o.e.m.c.i.embedder.EclipseLogger - Using 'UTF-8' encoding to copy filtered resources.
2017-07-28 16:05:33,386 [Worker-10] INFO  o.e.m.c.i.embedder.EclipseLogger - skip non existing resourceDirectory /Users/jiangzhou/jiangzhou/study/springboot/workspace/springboot-logback/src/test/resources
2017-07-28 16:06:48,827 [Worker-28] INFO  o.e.m.c.i.embedder.EclipseLogger - Using 'UTF-8' encoding to copy filtered resources.
2017-07-28 16:06:48,828 [Worker-28] INFO  o.e.m.c.i.embedder.EclipseLogger - Copying 2 resources
2017-07-28 16:06:48,831 [Worker-28] INFO  o.e.m.c.i.embedder.EclipseLogger - Copying 3 resources
2017-07-28 16:06:48,833 [Worker-28] INFO  o.e.m.c.i.embedder.EclipseLogger - Using 'UTF-8' encoding to copy filtered resources.
2017-07-28 16:06:48,834 [Worker-28] INFO  o.e.m.c.i.embedder.EclipseLogger - skip non existing resourceDirectory /Users/jiangzhou/jiangzhou/study/springboot/workspace/springboot-logback/src/test/resources
2017-07-28 16:13:33,869 [Worker-27] INFO  o.e.m.c.i.embedder.EclipseLogger - Using 'UTF-8' encoding to copy filtered resources.
2017-07-28 16:13:33,869 [Worker-27] INFO  o.e.m.c.i.embedder.EclipseLogger - Copying 2 resources
2017-07-28 16:13:33,871 [Worker-27] INFO  o.e.m.c.i.embedder.EclipseLogger - Copying 3 resources
2017-07-28 16:13:33,873 [Worker-27] INFO  o.e.m.c.i.embedder.EclipseLogger - Using 'UTF-8' encoding to copy filtered resources.
2017-07-28 16:13:33,873 [Worker-27] INFO  o.e.m.c.i.embedder.EclipseLogger - skip non existing resourceDirectory /Users/jiangzhou/jiangzhou/study/springboot/workspace/springboot-logback/src/test/resources
2017-07-28 16:23:03,419 [Worker-34] INFO  o.e.m.c.i.embedder.EclipseLogger - Using 'UTF-8' encoding to copy filtered resources.
2017-07-28 16:23:03,420 [Worker-34] INFO  o.e.m.c.i.embedder.EclipseLogger - Copying 2 resources
2017-07-28 16:23:03,421 [Worker-34] INFO  o.e.m.c.i.embedder.EclipseLogger - Copying 3 resources
2017-07-28 16:23:03,422 [Worker-34] INFO  o.e.m.c.i.embedder.EclipseLogger - Using 'UTF-8' encoding to copy filtered resources.
2017-07-28 16:23:03,423 [Worker-34] INFO  o.e.m.c.i.embedder.EclipseLogger - skip non existing resourceDirectory /Users/jiangzhou/jiangzhou/study/springboot/workspace/springboot-logback/src/test/resources
2017-07-28 16:23:17,916 [Worker-35] INFO  o.e.m.c.i.embedder.EclipseLogger - Using 'UTF-8' encoding to copy filtered resources.
2017-07-28 16:23:17,916 [Worker-35] INFO  o.e.m.c.i.embedder.EclipseLogger - Copying 2 resources
2017-07-28 16:23:17,917 [Worker-35] INFO  o.e.m.c.i.embedder.EclipseLogger - Copying 3 resources
2017-07-28 16:23:17,920 [Worker-35] INFO  o.e.m.c.i.embedder.EclipseLogger - Using 'UTF-8' encoding to copy filtered resources.
2017-07-28 16:23:17,920 [Worker-35] INFO  o.e.m.c.i.embedder.EclipseLogger - skip non existing resourceDirectory /Users/jiangzhou/jiangzhou/study/springboot/workspace/springboot-logback/src/test/resources
2017-07-28 16:24:03,958 [Worker-18] INFO  o.e.m.c.i.embedder.EclipseLogger - Using 'UTF-8' encoding to copy filtered resources.
2017-07-28 16:24:03,959 [Worker-18] INFO  o.e.m.c.i.embedder.EclipseLogger - Copying 2 resources
2017-07-28 16:24:03,959 [Worker-18] INFO  o.e.m.c.i.embedder.EclipseLogger - Copying 3 resources
2017-07-28 16:24:03,962 [Worker-18] INFO  o.e.m.c.i.embedder.EclipseLogger - Using 'UTF-8' encoding to copy filtered resources.
2017-07-28 16:24:03,962 [Worker-18] INFO  o.e.m.c.i.embedder.EclipseLogger - skip non existing resourceDirectory /Users/jiangzhou/jiangzhou/study/springboot/workspace/springboot-logback/src/test/resources
2017-07-28 16:24:29,828 [Worker-36] INFO  o.e.m.c.i.embedder.EclipseLogger - Using 'UTF-8' encoding to copy filtered resources.
2017-07-28 16:24:29,829 [Worker-36] INFO  o.e.m.c.i.embedder.EclipseLogger - Copying 2 resources
2017-07-28 16:24:29,831 [Worker-36] INFO  o.e.m.c.i.embedder.EclipseLogger - Copying 3 resources
2017-07-28 16:24:29,832 [Worker-36] INFO  o.e.m.c.i.embedder.EclipseLogger - Using 'UTF-8' encoding to copy filtered resources.
2017-07-28 16:24:29,832 [Worker-36] INFO  o.e.m.c.i.embedder.EclipseLogger - skip non existing resourceDirectory /Users/jiangzhou/jiangzhou/study/springboot/workspace/springboot-logback/src/test/resources
2017-07-28 16:24:59,263 [Worker-34] INFO  o.e.m.c.i.embedder.EclipseLogger - Using 'UTF-8' encoding to copy filtered resources.
2017-07-28 16:24:59,267 [Worker-34] INFO  o.e.m.c.i.embedder.EclipseLogger - Copying 0 resource
2017-07-28 16:24:59,267 [Worker-34] INFO  o.e.m.c.i.embedder.EclipseLogger - Copying 1 resource
2017-07-28 16:24:59,269 [Worker-34] INFO  o.e.m.c.i.embedder.EclipseLogger - Using 'UTF-8' encoding to copy filtered resources.
2017-07-28 16:24:59,269 [Worker-34] INFO  o.e.m.c.i.embedder.EclipseLogger - skip non existing resourceDirectory /Users/jiangzhou/jiangzhou/study/springboot/workspace/springboot-logback/src/test/resources
2017-07-28 16:25:12,185 [Worker-36] INFO  o.e.m.c.i.embedder.EclipseLogger - Using 'UTF-8' encoding to copy filtered resources.
2017-07-28 16:25:12,186 [Worker-36] INFO  o.e.m.c.i.embedder.EclipseLogger - Copying 0 resource
2017-07-28 16:25:12,186 [Worker-36] INFO  o.e.m.c.i.embedder.EclipseLogger - Copying 1 resource
2017-07-28 16:25:12,188 [Worker-36] INFO  o.e.m.c.i.embedder.EclipseLogger - Using 'UTF-8' encoding to copy filtered resources.
2017-07-28 16:25:12,188 [Worker-36] INFO  o.e.m.c.i.embedder.EclipseLogger - skip non existing resourceDirectory /Users/jiangzhou/jiangzhou/study/springboot/workspace/springboot-logback/src/test/resources
2017-07-28 16:25:23,241 [Worker-36] INFO  o.e.m.c.i.embedder.EclipseLogger - Using 'UTF-8' encoding to copy filtered resources.
2017-07-28 16:25:23,242 [Worker-36] INFO  o.e.m.c.i.embedder.EclipseLogger - Copying 0 resource
2017-07-28 16:25:23,242 [Worker-36] INFO  o.e.m.c.i.embedder.EclipseLogger - Copying 1 resource
2017-07-28 16:25:23,244 [Worker-36] INFO  o.e.m.c.i.embedder.EclipseLogger - Using 'UTF-8' encoding to copy filtered resources.
2017-07-28 16:25:23,244 [Worker-36] INFO  o.e.m.c.i.embedder.EclipseLogger - skip non existing resourceDirectory /Users/jiangzhou/jiangzhou/study/springboot/workspace/springboot-logback/src/test/resources
2017-07-28 16:25:55,336 [Worker-28] INFO  o.e.m.c.i.embedder.EclipseLogger - Using 'UTF-8' encoding to copy filtered resources.
2017-07-28 16:25:55,336 [Worker-28] INFO  o.e.m.c.i.embedder.EclipseLogger - Copying 0 resource
2017-07-28 16:25:55,336 [Worker-28] INFO  o.e.m.c.i.embedder.EclipseLogger - Copying 1 resource
2017-07-28 16:25:55,338 [Worker-28] INFO  o.e.m.c.i.embedder.EclipseLogger - Using 'UTF-8' encoding to copy filtered resources.
2017-07-28 16:25:55,338 [Worker-28] INFO  o.e.m.c.i.embedder.EclipseLogger - skip non existing resourceDirectory /Users/jiangzhou/jiangzhou/study/springboot/workspace/springboot-logback/src/test/resources
2017-07-28 16:29:21,335 [Worker-48] INFO  o.e.m.c.i.embedder.EclipseLogger - Using 'UTF-8' encoding to copy filtered resources.
2017-07-28 16:29:21,337 [Worker-48] INFO  o.e.m.c.i.embedder.EclipseLogger - Copying 0 resource
2017-07-28 16:29:21,337 [Worker-48] INFO  o.e.m.c.i.embedder.EclipseLogger - Copying 1 resource
2017-07-28 16:29:21,339 [Worker-48] INFO  o.e.m.c.i.embedder.EclipseLogger - Using 'UTF-8' encoding to copy filtered resources.
2017-07-28 16:29:21,339 [Worker-48] INFO  o.e.m.c.i.embedder.EclipseLogger - skip non existing resourceDirectory /Users/jiangzhou/jiangzhou/study/springboot/workspace/springboot-logback/src/test/resources
2017-07-28 16:32:10,079 [Worker-46] INFO  o.e.m.c.i.embedder.EclipseLogger - Using 'UTF-8' encoding to copy filtered resources.
2017-07-28 16:32:10,082 [Worker-46] INFO  o.e.m.c.i.embedder.EclipseLogger - Copying 2 resources
2017-07-28 16:32:10,084 [Worker-46] INFO  o.e.m.c.i.embedder.EclipseLogger - Copying 4 resources
2017-07-28 16:32:10,085 [Worker-46] INFO  o.e.m.c.i.embedder.EclipseLogger - Using 'UTF-8' encoding to copy filtered resources.
2017-07-28 16:32:10,085 [Worker-46] INFO  o.e.m.c.i.embedder.EclipseLogger - skip non existing resourceDirectory /Users/jiangzhou/jiangzhou/study/springboot/workspace/springboot-logback/src/test/resources
2017-07-28 16:33:15,113 [Worker-28] INFO  o.e.m.c.i.embedder.EclipseLogger - Using 'UTF-8' encoding to copy filtered resources.
2017-07-28 16:33:15,113 [Worker-28] INFO  o.e.m.c.i.embedder.EclipseLogger - Copying 0 resource
2017-07-28 16:33:15,113 [Worker-28] INFO  o.e.m.c.i.embedder.EclipseLogger - Copying 1 resource
2017-07-28 16:33:15,116 [Worker-28] INFO  o.e.m.c.i.embedder.EclipseLogger - Using 'UTF-8' encoding to copy filtered resources.
2017-07-28 16:33:15,116 [Worker-28] INFO  o.e.m.c.i.embedder.EclipseLogger - skip non existing resourceDirectory /Users/jiangzhou/jiangzhou/study/springboot/workspace/springboot-logback/src/test/resources
2017-07-28 16:33:20,515 [Worker-45] INFO  o.e.m.c.i.embedder.EclipseLogger - Using 'UTF-8' encoding to copy filtered resources.
2017-07-28 16:33:20,515 [Worker-45] INFO  o.e.m.c.i.embedder.EclipseLogger - Copying 2 resources
2017-07-28 16:33:20,516 [Worker-45] INFO  o.e.m.c.i.embedder.EclipseLogger - Copying 4 resources
2017-07-28 16:33:20,518 [Worker-45] INFO  o.e.m.c.i.embedder.EclipseLogger - Using 'UTF-8' encoding to copy filtered resources.
2017-07-28 16:33:20,518 [Worker-45] INFO  o.e.m.c.i.embedder.EclipseLogger - skip non existing resourceDirectory /Users/jiangzhou/jiangzhou/study/springboot/workspace/springboot-logback/src/test/resources
2017-07-28 16:35:23,725 [Worker-40] INFO  o.e.m.c.i.embedder.EclipseLogger - Using 'UTF-8' encoding to copy filtered resources.
2017-07-28 16:35:23,725 [Worker-40] INFO  o.e.m.c.i.embedder.EclipseLogger - Copying 2 resources
2017-07-28 16:35:23,726 [Worker-40] INFO  o.e.m.c.i.embedder.EclipseLogger - Copying 4 resources
2017-07-28 16:35:23,729 [Worker-40] INFO  o.e.m.c.i.embedder.EclipseLogger - Using 'UTF-8' encoding to copy filtered resources.
2017-07-28 16:35:23,729 [Worker-40] INFO  o.e.m.c.i.embedder.EclipseLogger - skip non existing resourceDirectory /Users/jiangzhou/jiangzhou/study/springboot/workspace/springboot-logback/src/test/resources
2017-07-28 16:38:24,465 [Worker-47] INFO  o.e.m.c.i.embedder.EclipseLogger - Using 'UTF-8' encoding to copy filtered resources.
2017-07-28 16:38:24,465 [Worker-47] INFO  o.e.m.c.i.embedder.EclipseLogger - Copying 2 resources
2017-07-28 16:38:24,466 [Worker-47] INFO  o.e.m.c.i.embedder.EclipseLogger - Copying 4 resources
2017-07-28 16:38:24,468 [Worker-47] INFO  o.e.m.c.i.embedder.EclipseLogger - Using 'UTF-8' encoding to copy filtered resources.
2017-07-28 16:38:24,468 [Worker-47] INFO  o.e.m.c.i.embedder.EclipseLogger - skip non existing resourceDirectory /Users/jiangzhou/jiangzhou/study/springboot/workspace/springboot-logback/src/test/resources
2017-07-28 16:38:28,193 [Worker-46] INFO  o.e.m.c.i.embedder.EclipseLogger - Using 'UTF-8' encoding to copy filtered resources.
2017-07-28 16:38:28,193 [Worker-46] INFO  o.e.m.c.i.embedder.EclipseLogger - Copying 2 resources
2017-07-28 16:38:28,194 [Worker-46] INFO  o.e.m.c.i.embedder.EclipseLogger - Copying 4 resources
2017-07-28 16:38:28,196 [Worker-46] INFO  o.e.m.c.i.embedder.EclipseLogger - Using 'UTF-8' encoding to copy filtered resources.
2017-07-28 16:38:28,196 [Worker-46] INFO  o.e.m.c.i.embedder.EclipseLogger - skip non existing resourceDirectory /Users/jiangzhou/jiangzhou/study/springboot/workspace/springboot-logback/src/test/resources
2017-07-28 16:38:42,906 [Worker-47] INFO  o.e.m.c.i.embedder.EclipseLogger - Using 'UTF-8' encoding to copy filtered resources.
2017-07-28 16:38:42,907 [Worker-47] INFO  o.e.m.c.i.embedder.EclipseLogger - Copying 2 resources
2017-07-28 16:38:42,908 [Worker-47] INFO  o.e.m.c.i.embedder.EclipseLogger - Copying 4 resources
2017-07-28 16:38:42,910 [Worker-47] INFO  o.e.m.c.i.embedder.EclipseLogger - Using 'UTF-8' encoding to copy filtered resources.
2017-07-28 16:38:42,910 [Worker-47] INFO  o.e.m.c.i.embedder.EclipseLogger - skip non existing resourceDirectory /Users/jiangzhou/jiangzhou/study/springboot/workspace/springboot-logback/src/test/resources
